[2023-06-07 01:47:36,997] root - INFO - *****************Data Ingestion*****************
[2023-06-07 01:47:36,998] root - INFO - Export collection data as pandas DataFrame
[2023-06-07 01:47:36,998] root - INFO - Reading data from database:BIKE_RENTAL and collection: BIKE_SHARING_DAILY
[2023-06-07 01:47:38,675] root - INFO - Dropping Columns:_id
[2023-06-07 01:47:38,675] root - INFO - Rows and Columns in df: (731, 16)
[2023-06-07 01:47:38,676] root - INFO - Save data in future store
[2023-06-07 01:47:38,676] root - INFO - Create Feature store folder if not available
[2023-06-07 01:47:38,706] root - INFO - Save df to feature_store_folder
[2023-06-07 01:47:38,712] root - INFO - Spliting Train and Test data
[2023-06-07 01:47:38,714] root - INFO - Create dataset directory folder if not exists
[2023-06-07 01:47:38,714] root - INFO - Save dataset to feature store folder
[2023-06-07 01:47:38,720] root - INFO - Data Ingestion Artifact :DataIngestionArtifact(feature_store_file_path='G:\\Udemy\\DATA SCIENCE ineuron\\VS Code\\Internship_project_Bike_Share_Prediction\\artifact\\06072023__014736\\data_ingestion\\feature_store\\bike_sharing_data.csv', train_file_path='G:\\Udemy\\DATA SCIENCE ineuron\\VS Code\\Internship_project_Bike_Share_Prediction\\artifact\\06072023__014736\\data_ingestion\\dataset\\train.csv', test_file_path='G:\\Udemy\\DATA SCIENCE ineuron\\VS Code\\Internship_project_Bike_Share_Prediction\\artifact\\06072023__014736\\data_ingestion\\dataset\\test.csv')
[2023-06-07 01:47:38,720] root - INFO - **********************Data Valiadation**********************
[2023-06-07 01:47:38,720] root - INFO - Reading base dataframe
[2023-06-07 01:47:38,724] root - INFO - Replace na value in base df
[2023-06-07 01:47:38,724] root - INFO - Drop null values columns from base df
[2023-06-07 01:47:38,725] root - INFO - selecting column name which contains null above 0.2
[2023-06-07 01:47:38,725] root - INFO - Columns to drop: []
[2023-06-07 01:47:38,725] root - INFO - Reading train dataframe
[2023-06-07 01:47:38,728] root - INFO - Reading test dataframe
[2023-06-07 01:47:38,730] root - INFO - selecting column name which contains null above 0.2
[2023-06-07 01:47:38,731] root - INFO - Columns to drop: []
[2023-06-07 01:47:38,731] root - INFO - selecting column name which contains null above 0.2
[2023-06-07 01:47:38,732] root - INFO - Columns to drop: []
[2023-06-07 01:47:38,737] root - INFO - Is all required columns present in train_df
[2023-06-07 01:47:38,737] root - INFO - Is all required columns present in test_df
[2023-06-07 01:47:38,737] root - INFO - As all column are available in train_df hence detecting data drift
[2023-06-07 01:47:38,744] root - INFO - As all column are available in train_df hence detecting data drift
[2023-06-07 01:47:38,749] root - INFO - Write report in yaml file
[2023-06-07 01:47:38,754] root - INFO - Data Validation Artifact: DataValidationArtifact(report_file_path='G:\\Udemy\\DATA SCIENCE ineuron\\VS Code\\Internship_project_Bike_Share_Prediction\\artifact\\06072023__014736\\data_validation\\report.yaml')
[2023-06-07 01:47:38,754] root - INFO - ***********************Data Transformation***********************
[2023-06-07 01:47:38,758] root - INFO - we are droping the target column to separate independent features
[2023-06-07 01:47:38,759] root - INFO - Here we are diffining the dependent feature
[2023-06-07 01:47:38,773] root - INFO - *******************Model Trainer*******************
[2023-06-07 01:47:38,776] root - INFO - dividing the data into x_train,y_train,x_test,y_test
[2023-06-07 01:47:38,776] root - INFO - Building Model
[2023-06-07 01:47:38,777] root - INFO - Store r2_score for train data
[2023-06-07 01:47:38,778] root - INFO - Store r2_score for test data
[2023-06-07 01:47:38,778] root - INFO - setting the threshold
[2023-06-07 01:47:38,778] root - INFO - Checking the overfitting
