[2023-06-06 23:30:51,329] root - INFO - *****************Data Ingestion*****************
[2023-06-06 23:30:51,329] root - INFO - Export collection data as pandas DataFrame
[2023-06-06 23:30:51,329] root - INFO - Reading data from database:BIKE_RENTAL and collection: BIKE_SHARING_DAILY
[2023-06-06 23:30:54,812] root - INFO - Dropping Columns:_id
[2023-06-06 23:30:54,813] root - INFO - Rows and Columns in df: (731, 16)
[2023-06-06 23:30:54,813] root - INFO - Save data in future store
[2023-06-06 23:30:54,813] root - INFO - Create Feature store folder if not available
[2023-06-06 23:30:54,815] root - INFO - Save df to feature_store_folder
[2023-06-06 23:30:54,821] root - INFO - Spliting Train and Test data
[2023-06-06 23:30:54,823] root - INFO - Create dataset directory folder if not exists
[2023-06-06 23:30:54,823] root - INFO - Save dataset to feature store folder
[2023-06-06 23:30:54,828] root - INFO - Data Ingestion Artifact :DataIngestionArtifact(feature_store_file_path='G:\\Udemy\\DATA SCIENCE ineuron\\VS Code\\Internship_project_Bike_Share_Prediction\\artifact\\06062023__233051\\data_ingestion\\feature_store\\bike_sharing_data.csv', train_file_path='G:\\Udemy\\DATA SCIENCE ineuron\\VS Code\\Internship_project_Bike_Share_Prediction\\artifact\\06062023__233051\\data_ingestion\\dataset\\train.csv', test_file_path='G:\\Udemy\\DATA SCIENCE ineuron\\VS Code\\Internship_project_Bike_Share_Prediction\\artifact\\06062023__233051\\data_ingestion\\dataset\\test.csv')
[2023-06-06 23:30:54,829] root - INFO - **********************Data Valiadation**********************
[2023-06-06 23:30:54,829] root - INFO - Reading base dataframe
[2023-06-06 23:30:54,832] root - INFO - Replace na value in base df
[2023-06-06 23:30:54,832] root - INFO - Drop null values columns from base df
[2023-06-06 23:30:54,833] root - INFO - selecting column name which contains null above 0.2
[2023-06-06 23:30:54,834] root - INFO - Columns to drop: []
[2023-06-06 23:30:54,834] root - INFO - Reading train dataframe
[2023-06-06 23:30:54,836] root - INFO - Reading test dataframe
[2023-06-06 23:30:54,839] root - INFO - selecting column name which contains null above 0.2
[2023-06-06 23:30:54,839] root - INFO - Columns to drop: []
[2023-06-06 23:30:54,840] root - INFO - selecting column name which contains null above 0.2
[2023-06-06 23:30:54,840] root - INFO - Columns to drop: []
[2023-06-06 23:30:54,845] root - INFO - Is all required columns present in train_df
[2023-06-06 23:30:54,845] root - INFO - Is all required columns present in test_df
[2023-06-06 23:30:54,845] root - INFO - As all column are available in train_df hence detecting data drift
[2023-06-06 23:30:54,852] root - INFO - As all column are available in train_df hence detecting data drift
[2023-06-06 23:30:54,857] root - INFO - Write report in yaml file
[2023-06-06 23:30:54,863] root - INFO - Data Validation Artifact: DataValidationArtifact(report_file_path='G:\\Udemy\\DATA SCIENCE ineuron\\VS Code\\Internship_project_Bike_Share_Prediction\\artifact\\06062023__233051\\data_validation\\report.yaml')
