[2023-06-08 19:05:59,044] root - INFO - *****************Data Ingestion*****************
[2023-06-08 19:05:59,044] root - INFO - Export collection data as pandas DataFrame
[2023-06-08 19:05:59,044] root - INFO - Reading data from database:BIKE_RENTAL and collection: BIKE_SHARING_DAILY
[2023-06-08 19:05:59,340] root - INFO - Dropping Columns:_id
[2023-06-08 19:05:59,341] root - INFO - Rows and Columns in df: (731, 14)
[2023-06-08 19:05:59,341] root - INFO - Save data in future store
[2023-06-08 19:05:59,341] root - INFO - Create Feature store folder if not available
[2023-06-08 19:05:59,343] root - INFO - Save df to feature_store_folder
[2023-06-08 19:05:59,349] root - INFO - Spliting Train and Test data
[2023-06-08 19:05:59,350] root - INFO - Create dataset directory folder if not exists
[2023-06-08 19:05:59,351] root - INFO - Save dataset to feature store folder
[2023-06-08 19:05:59,355] root - INFO - Data Ingestion Artifact :DataIngestionArtifact(feature_store_file_path='G:\\Udemy\\DATA SCIENCE ineuron\\VS Code\\Internship_project_Bike_Share_Prediction\\artifact\\06082023__190559\\data_ingestion\\feature_store\\bike_sharing_data.csv', train_file_path='G:\\Udemy\\DATA SCIENCE ineuron\\VS Code\\Internship_project_Bike_Share_Prediction\\artifact\\06082023__190559\\data_ingestion\\dataset\\train.csv', test_file_path='G:\\Udemy\\DATA SCIENCE ineuron\\VS Code\\Internship_project_Bike_Share_Prediction\\artifact\\06082023__190559\\data_ingestion\\dataset\\test.csv')
[2023-06-08 19:05:59,356] root - INFO - **********************Data Valiadation**********************
[2023-06-08 19:05:59,356] root - INFO - Reading base dataframe
[2023-06-08 19:05:59,359] root - INFO - Replace na value in base df
[2023-06-08 19:05:59,359] root - INFO - Drop null values columns from base df
[2023-06-08 19:05:59,360] root - INFO - selecting column name which contains null above 0.2
[2023-06-08 19:05:59,360] root - INFO - Columns to drop: []
[2023-06-08 19:05:59,361] root - INFO - Reading train dataframe
[2023-06-08 19:05:59,363] root - INFO - Reading test dataframe
[2023-06-08 19:05:59,365] root - INFO - selecting column name which contains null above 0.2
[2023-06-08 19:05:59,365] root - INFO - Columns to drop: []
[2023-06-08 19:05:59,366] root - INFO - selecting column name which contains null above 0.2
[2023-06-08 19:05:59,366] root - INFO - Columns to drop: []
[2023-06-08 19:05:59,371] root - INFO - Is all required columns present in train_df
[2023-06-08 19:05:59,371] root - INFO - column:[instant is not available ]
[2023-06-08 19:05:59,371] root - INFO - column:[dteday is not available ]
[2023-06-08 19:05:59,371] root - INFO - Is all required columns present in test_df
[2023-06-08 19:05:59,371] root - INFO - column:[instant is not available ]
[2023-06-08 19:05:59,371] root - INFO - column:[dteday is not available ]
[2023-06-08 19:05:59,371] root - INFO - Write report in yaml file
[2023-06-08 19:05:59,372] root - INFO - Data Validation Artifact: DataValidationArtifact(report_file_path='G:\\Udemy\\DATA SCIENCE ineuron\\VS Code\\Internship_project_Bike_Share_Prediction\\artifact\\06082023__190559\\data_validation\\report.yaml')
[2023-06-08 19:05:59,372] root - INFO - ***********************Data Transformation***********************
[2023-06-08 19:05:59,375] root - INFO - we are droping the target column to separate independent features
[2023-06-08 19:05:59,376] root - INFO - Here we are diffining the dependent feature
[2023-06-08 19:05:59,376] root - INFO - Transforming the features whose dtype is object through label encoder
[2023-06-08 19:05:59,390] root - INFO - *******************Model Trainer*******************
[2023-06-08 19:05:59,392] root - INFO - dividing the data into x_train,y_train,x_test,y_test
[2023-06-08 19:05:59,392] root - INFO - Building Model
[2023-06-08 19:05:59,394] root - INFO - Store r2_score for train data
[2023-06-08 19:05:59,394] root - INFO - Store r2_score for test data
[2023-06-08 19:05:59,394] root - INFO - setting the threshold
[2023-06-08 19:05:59,394] root - INFO - Checking the overfitting
[2023-06-08 19:05:59,396] root - INFO - ********************Model Evaluation********************
[2023-06-08 19:05:59,396] root - INFO - if saved model folder has model the we will compareWhich model is best trained or the model from saved model folder
[2023-06-08 19:05:59,396] root - INFO - Model Evaluation Artifact:ModelEvaluationArtifact(is_model_accepted=True, improved_accuracy=None)
[2023-06-08 19:05:59,396] root - INFO - ********************Model Pusher********************
[2023-06-08 19:05:59,396] root - INFO - Loading Transformer model and target encoder
[2023-06-08 19:05:59,397] root - INFO - Saving model into model pusher directory
[2023-06-08 19:05:59,432] root - INFO - Saving model in saved model dir
[2023-06-08 19:05:59,437] root - INFO - Model Pusher Artifact: ModelPusherArtifact(pusher_model_dir='G:\\Udemy\\DATA SCIENCE ineuron\\VS Code\\Internship_project_Bike_Share_Prediction\\artifact\\06082023__190559\\model_pusher_file\\saved_models', saved_model_dir='saved_models')
