[2023-06-07 00:37:43,927] root - INFO - *****************Data Ingestion*****************
[2023-06-07 00:37:43,927] root - INFO - Export collection data as pandas DataFrame
[2023-06-07 00:37:43,927] root - INFO - Reading data from database:BIKE_RENTAL and collection: BIKE_SHARING_DAILY
[2023-06-07 00:37:49,615] root - INFO - Dropping Columns:_id
[2023-06-07 00:37:49,616] root - INFO - Rows and Columns in df: (731, 16)
[2023-06-07 00:37:49,616] root - INFO - Save data in future store
[2023-06-07 00:37:49,616] root - INFO - Create Feature store folder if not available
[2023-06-07 00:37:49,652] root - INFO - Save df to feature_store_folder
[2023-06-07 00:37:49,658] root - INFO - Spliting Train and Test data
[2023-06-07 00:37:49,659] root - INFO - Create dataset directory folder if not exists
[2023-06-07 00:37:49,659] root - INFO - Save dataset to feature store folder
[2023-06-07 00:37:49,687] root - INFO - Data Ingestion Artifact :DataIngestionArtifact(feature_store_file_path='G:\\Udemy\\DATA SCIENCE ineuron\\VS Code\\Internship_project_Bike_Share_Prediction\\artifact\\06072023__003743\\data_ingestion\\feature_store\\bike_sharing_data.csv', train_file_path='G:\\Udemy\\DATA SCIENCE ineuron\\VS Code\\Internship_project_Bike_Share_Prediction\\artifact\\06072023__003743\\data_ingestion\\dataset\\train.csv', test_file_path='G:\\Udemy\\DATA SCIENCE ineuron\\VS Code\\Internship_project_Bike_Share_Prediction\\artifact\\06072023__003743\\data_ingestion\\dataset\\test.csv')
[2023-06-07 00:37:49,687] root - INFO - **********************Data Valiadation**********************
[2023-06-07 00:37:49,687] root - INFO - Reading base dataframe
[2023-06-07 00:37:49,690] root - INFO - Replace na value in base df
[2023-06-07 00:37:49,690] root - INFO - Drop null values columns from base df
[2023-06-07 00:37:49,691] root - INFO - selecting column name which contains null above 0.2
[2023-06-07 00:37:49,691] root - INFO - Columns to drop: []
[2023-06-07 00:37:49,691] root - INFO - Reading train dataframe
[2023-06-07 00:37:49,694] root - INFO - Reading test dataframe
[2023-06-07 00:37:49,697] root - INFO - selecting column name which contains null above 0.2
[2023-06-07 00:37:49,697] root - INFO - Columns to drop: []
[2023-06-07 00:37:49,698] root - INFO - selecting column name which contains null above 0.2
[2023-06-07 00:37:49,698] root - INFO - Columns to drop: []
[2023-06-07 00:37:49,703] root - INFO - Is all required columns present in train_df
[2023-06-07 00:37:49,703] root - INFO - Is all required columns present in test_df
[2023-06-07 00:37:49,703] root - INFO - As all column are available in train_df hence detecting data drift
[2023-06-07 00:37:49,710] root - INFO - As all column are available in train_df hence detecting data drift
[2023-06-07 00:37:49,715] root - INFO - Write report in yaml file
[2023-06-07 00:37:49,721] root - INFO - Data Validation Artifact: DataValidationArtifact(report_file_path='G:\\Udemy\\DATA SCIENCE ineuron\\VS Code\\Internship_project_Bike_Share_Prediction\\artifact\\06072023__003743\\data_validation\\report.yaml')
[2023-06-07 00:37:49,724] root - INFO - we are droping the target column to separate independent features
[2023-06-07 00:37:49,725] root - INFO - Here we are diffining the dependent feature
