[2023-06-06 23:26:17,964] root - INFO - *****************Data Ingestion*****************
[2023-06-06 23:26:17,964] root - INFO - Export collection data as pandas DataFrame
[2023-06-06 23:26:17,964] root - INFO - Reading data from database:BIKE_RENTAL and collection: BIKE_SHARING_DAILY
[2023-06-06 23:26:25,484] root - INFO - Dropping Columns:_id
[2023-06-06 23:26:25,485] root - INFO - Rows and Columns in df: (731, 16)
[2023-06-06 23:26:25,485] root - INFO - Save data in future store
[2023-06-06 23:26:25,485] root - INFO - Create Feature store folder if not available
[2023-06-06 23:26:25,508] root - INFO - Save df to feature_store_folder
[2023-06-06 23:26:25,514] root - INFO - Spliting Train and Test data
[2023-06-06 23:26:25,516] root - INFO - Create dataset directory folder if not exists
[2023-06-06 23:26:25,516] root - INFO - Save dataset to feature store folder
[2023-06-06 23:26:25,521] root - INFO - Data Ingestion Artifact :DataIngestionArtifact(feature_store_file_path='G:\\Udemy\\DATA SCIENCE ineuron\\VS Code\\Internship_project_Bike_Share_Prediction\\artifact\\06062023__232617\\data_ingestion\\feature_store\\bike_sharing_data.csv', train_file_path='G:\\Udemy\\DATA SCIENCE ineuron\\VS Code\\Internship_project_Bike_Share_Prediction\\artifact\\06062023__232617\\data_ingestion\\dataset\\train.csv', test_file_path='G:\\Udemy\\DATA SCIENCE ineuron\\VS Code\\Internship_project_Bike_Share_Prediction\\artifact\\06062023__232617\\data_ingestion\\dataset\\test.csv')
[2023-06-06 23:26:25,522] root - INFO - **********************Data Valiadation**********************
[2023-06-06 23:26:25,522] root - INFO - Reading base dataframe
[2023-06-06 23:26:25,525] root - INFO - Replace na value in base df
[2023-06-06 23:26:25,525] root - INFO - Drop null values columns from base df
[2023-06-06 23:26:25,529] root - INFO - selecting column name which contains null above 0.2
[2023-06-06 23:26:25,529] root - INFO - Columns to drop: []
[2023-06-06 23:26:25,529] root - INFO - Reading train dataframe
[2023-06-06 23:26:25,532] root - INFO - Reading test dataframe
[2023-06-06 23:26:25,534] root - INFO - selecting column name which contains null above 0.2
[2023-06-06 23:26:25,534] root - INFO - Columns to drop: []
[2023-06-06 23:26:25,535] root - INFO - selecting column name which contains null above 0.2
[2023-06-06 23:26:25,535] root - INFO - Columns to drop: []
[2023-06-06 23:26:25,541] root - INFO - Is all required columns present in train_df
[2023-06-06 23:26:25,541] root - INFO - Is all required columns present in test_df
[2023-06-06 23:26:25,542] root - INFO - As all column are available in train_df hence detecting data drift
[2023-06-06 23:26:25,550] root - INFO - Write report in yaml file
[2023-06-06 23:26:25,553] root - INFO - Data Validation Artifact: DataValidationArtifact(report_file_path='G:\\Udemy\\DATA SCIENCE ineuron\\VS Code\\Internship_project_Bike_Share_Prediction\\artifact\\06062023__232617\\data_validation\\report.yaml')
