[2023-06-08 19:05:12,174] root - INFO - *****************Data Ingestion*****************
[2023-06-08 19:05:12,174] root - INFO - Export collection data as pandas DataFrame
[2023-06-08 19:05:12,174] root - INFO - Reading data from database:BIKE_RENTAL and collection: BIKE_SHARING_DAILY
[2023-06-08 19:05:12,530] root - INFO - Dropping Columns:_id
[2023-06-08 19:05:12,530] root - INFO - Rows and Columns in df: (731, 14)
[2023-06-08 19:05:12,530] root - INFO - Save data in future store
[2023-06-08 19:05:12,531] root - INFO - Create Feature store folder if not available
[2023-06-08 19:05:12,532] root - INFO - Save df to feature_store_folder
[2023-06-08 19:05:12,538] root - INFO - Spliting Train and Test data
[2023-06-08 19:05:12,539] root - INFO - Create dataset directory folder if not exists
[2023-06-08 19:05:12,539] root - INFO - Save dataset to feature store folder
[2023-06-08 19:05:12,544] root - INFO - Data Ingestion Artifact :DataIngestionArtifact(feature_store_file_path='G:\\Udemy\\DATA SCIENCE ineuron\\VS Code\\Internship_project_Bike_Share_Prediction\\artifact\\06082023__190512\\data_ingestion\\feature_store\\bike_sharing_data.csv', train_file_path='G:\\Udemy\\DATA SCIENCE ineuron\\VS Code\\Internship_project_Bike_Share_Prediction\\artifact\\06082023__190512\\data_ingestion\\dataset\\train.csv', test_file_path='G:\\Udemy\\DATA SCIENCE ineuron\\VS Code\\Internship_project_Bike_Share_Prediction\\artifact\\06082023__190512\\data_ingestion\\dataset\\test.csv')
[2023-06-08 19:05:12,544] root - INFO - **********************Data Valiadation**********************
[2023-06-08 19:05:12,544] root - INFO - Reading base dataframe
[2023-06-08 19:05:12,548] root - INFO - Replace na value in base df
[2023-06-08 19:05:12,548] root - INFO - Drop null values columns from base df
[2023-06-08 19:05:12,549] root - INFO - selecting column name which contains null above 0.2
[2023-06-08 19:05:12,549] root - INFO - Columns to drop: []
[2023-06-08 19:05:12,550] root - INFO - Reading train dataframe
[2023-06-08 19:05:12,552] root - INFO - Reading test dataframe
[2023-06-08 19:05:12,554] root - INFO - selecting column name which contains null above 0.2
[2023-06-08 19:05:12,554] root - INFO - Columns to drop: []
[2023-06-08 19:05:12,555] root - INFO - selecting column name which contains null above 0.2
[2023-06-08 19:05:12,555] root - INFO - Columns to drop: []
[2023-06-08 19:05:12,560] root - INFO - Is all required columns present in train_df
