[2023-06-08 18:58:11,032] root - INFO - *****************Data Ingestion*****************
[2023-06-08 18:58:11,032] root - INFO - Export collection data as pandas DataFrame
[2023-06-08 18:58:11,032] root - INFO - Reading data from database:BIKE_RENTAL and collection: BIKE_SHARING_DAILY
[2023-06-08 18:58:11,368] root - INFO - Dropping Columns:_id
[2023-06-08 18:58:11,369] root - INFO - Rows and Columns in df: (731, 16)
[2023-06-08 18:58:11,369] root - INFO - Save data in future store
[2023-06-08 18:58:11,370] root - INFO - Create Feature store folder if not available
[2023-06-08 18:58:11,371] root - INFO - Save df to feature_store_folder
[2023-06-08 18:58:11,377] root - INFO - Spliting Train and Test data
[2023-06-08 18:58:11,378] root - INFO - Create dataset directory folder if not exists
[2023-06-08 18:58:11,379] root - INFO - Save dataset to feature store folder
[2023-06-08 18:58:11,384] root - INFO - Data Ingestion Artifact :DataIngestionArtifact(feature_store_file_path='G:\\Udemy\\DATA SCIENCE ineuron\\VS Code\\Internship_project_Bike_Share_Prediction\\artifact\\06082023__185811\\data_ingestion\\feature_store\\bike_sharing_data.csv', train_file_path='G:\\Udemy\\DATA SCIENCE ineuron\\VS Code\\Internship_project_Bike_Share_Prediction\\artifact\\06082023__185811\\data_ingestion\\dataset\\train.csv', test_file_path='G:\\Udemy\\DATA SCIENCE ineuron\\VS Code\\Internship_project_Bike_Share_Prediction\\artifact\\06082023__185811\\data_ingestion\\dataset\\test.csv')
[2023-06-08 18:58:11,384] root - INFO - **********************Data Valiadation**********************
[2023-06-08 18:58:11,384] root - INFO - Reading base dataframe
[2023-06-08 18:58:11,388] root - INFO - Replace na value in base df
[2023-06-08 18:58:11,388] root - INFO - Drop null values columns from base df
[2023-06-08 18:58:11,389] root - INFO - selecting column name which contains null above 0.2
[2023-06-08 18:58:11,389] root - INFO - Columns to drop: []
[2023-06-08 18:58:11,390] root - INFO - Reading train dataframe
[2023-06-08 18:58:11,392] root - INFO - Reading test dataframe
[2023-06-08 18:58:11,394] root - INFO - selecting column name which contains null above 0.2
[2023-06-08 18:58:11,395] root - INFO - Columns to drop: []
[2023-06-08 18:58:11,395] root - INFO - selecting column name which contains null above 0.2
[2023-06-08 18:58:11,396] root - INFO - Columns to drop: []
[2023-06-08 18:58:11,400] root - INFO - Is all required columns present in train_df
[2023-06-08 18:58:11,401] root - INFO - Is all required columns present in test_df
[2023-06-08 18:58:11,401] root - INFO - As all column are available in train_df hence detecting data drift
[2023-06-08 18:58:11,408] root - INFO - As all column are available in train_df hence detecting data drift
[2023-06-08 18:58:11,413] root - INFO - Write report in yaml file
[2023-06-08 18:58:11,419] root - INFO - Data Validation Artifact: DataValidationArtifact(report_file_path='G:\\Udemy\\DATA SCIENCE ineuron\\VS Code\\Internship_project_Bike_Share_Prediction\\artifact\\06082023__185811\\data_validation\\report.yaml')
[2023-06-08 18:58:11,419] root - INFO - ***********************Data Transformation***********************
[2023-06-08 18:58:11,423] root - INFO - we are droping the target column to separate independent features
[2023-06-08 18:58:11,423] root - INFO - Here we are diffining the dependent feature
[2023-06-08 18:58:11,424] root - INFO - Transforming the features whose dtype is object through label encoder
[2023-06-08 18:58:11,437] root - INFO - *******************Model Trainer*******************
[2023-06-08 18:58:11,440] root - INFO - dividing the data into x_train,y_train,x_test,y_test
[2023-06-08 18:58:11,440] root - INFO - Building Model
[2023-06-08 18:58:11,441] root - INFO - Store r2_score for train data
[2023-06-08 18:58:11,441] root - INFO - Store r2_score for test data
[2023-06-08 18:58:11,442] root - INFO - setting the threshold
[2023-06-08 18:58:11,442] root - INFO - Checking the overfitting
[2023-06-08 18:58:11,443] root - INFO - ********************Model Evaluation********************
[2023-06-08 18:58:11,443] root - INFO - if saved model folder has model the we will compareWhich model is best trained or the model from saved model folder
[2023-06-08 18:58:11,443] root - INFO - Model Evaluation Artifact:ModelEvaluationArtifact(is_model_accepted=True, improved_accuracy=None)
[2023-06-08 18:58:11,443] root - INFO - ********************Model Pusher********************
[2023-06-08 18:58:11,443] root - INFO - Loading Transformer model and target encoder
[2023-06-08 18:58:11,444] root - INFO - Saving model into model pusher directory
[2023-06-08 18:58:11,447] root - INFO - Saving model in saved model dir
[2023-06-08 18:58:11,451] root - INFO - Model Pusher Artifact: ModelPusherArtifact(pusher_model_dir='G:\\Udemy\\DATA SCIENCE ineuron\\VS Code\\Internship_project_Bike_Share_Prediction\\artifact\\06082023__185811\\model_pusher_file\\saved_models', saved_model_dir='saved_models')
